<?xml version="1.0" encoding="UTF-8"?>
<!-- Generated by org.testng.reporters.JUnitXMLReporter -->
<testsuite ignored="2" hostname="Uzma_Shaik" failures="0" tests="1" name="Default test(failed)" time="13.635" errors="0" timestamp="2024-04-04T14:31:26 IST">
  <testcase classname="april3.SecondTestNgClass" name="admin" time="1.54"/>
  <testcase classname="april3.SecondTestNgClass" name="leave" time="0.0">
    <ignored/>
  </testcase> <!-- leave -->
  <testcase classname="april3.SecondTestNgClass" name="pim" time="0.0">
    <ignored/>
  </testcase> <!-- pim -->
</testsuite> <!-- Default test(failed) -->
